<?xml version="1.0" encoding="UTF-8"?>
<!-- Generated by org.testng.reporters.JUnitXMLReporter -->
<testsuite hostname="jaideos-MacBook-Pro.local" name="leadFerret TestCases" tests="6" failures="0" timestamp="29 Mar 2019 21:29:01 GMT" time="28.445" errors="0">
  <testcase name="verifyLogInlink" time="0.921" classname="com.qa.test.HomePageTest"/>
  <testcase name="verifyregistrationLink" time="1.43" classname="com.qa.test.HomePageTest"/>
  <testcase name="verifySearchLink" time="1.893" classname="com.qa.test.HomePageTest"/>
  <testcase name="verifyBuypointLink" time="1.658" classname="com.qa.test.HomePageTest"/>
  <testcase name="verifyEarnPointlink" time="1.081" classname="com.qa.test.HomePageTest"/>
  <testcase name="verifyLogo" time="0.065" classname="com.qa.test.HomePageTest"/>
</testsuite> <!-- leadFerret TestCases -->
