<?xml version="1.0" encoding="UTF-8"?>
<!-- Generated by org.testng.reporters.JUnitXMLReporter -->
<testsuite hostname="jaideos-MacBook-Pro.local" name="Default test" tests="4" failures="0" timestamp="29 Mar 2019 22:35:08 GMT" time="21.527" errors="0">
  <testcase name="registrationTest" time="1.046" classname="com.qa.test.RegistrationPageTest"/>
  <testcase name="registrationTest" time="0.715" classname="com.qa.test.RegistrationPageTest"/>
  <testcase name="registrationTest" time="0.889" classname="com.qa.test.RegistrationPageTest"/>
  <testcase name="registrationTest" time="1.127" classname="com.qa.test.RegistrationPageTest"/>
</testsuite> <!-- Default test -->
