<?xml version="1.0" encoding="UTF-8"?>
<testng-results skipped="0" failed="0" total="4" passed="4">
  <reporter-output>
  </reporter-output>
  <suite name="Default suite" duration-ms="21527" started-at="2019-03-29T22:34:46Z" finished-at="2019-03-29T22:35:08Z">
    <groups>
    </groups>
    <test name="Default test" duration-ms="21527" started-at="2019-03-29T22:34:46Z" finished-at="2019-03-29T22:35:08Z">
      <class name="com.qa.test.RegistrationPageTest">
        <test-method status="PASS" signature="setUp()[pri:0, instance:com.qa.test.RegistrationPageTest@7dc36524]" name="setUp" is-config="true" duration-ms="4957" started-at="2019-03-29T15:34:47Z" finished-at="2019-03-29T15:34:52Z">
          <reporter-output>
          </reporter-output>
        </test-method> <!-- setUp -->
        <test-method status="PASS" signature="registrationTest(java.lang.String, java.lang.String, java.lang.String, java.lang.String, java.lang.String)[pri:0, instance:com.qa.test.RegistrationPageTest@7dc36524]" name="registrationTest" duration-ms="1046" started-at="2019-03-29T15:34:52Z" data-provider="getTestData" finished-at="2019-03-29T15:34:53Z">
          <params>
            <param index="0">
              <value>
                <![CDATA[john]]>
              </value>
            </param>
            <param index="1">
              <value>
                <![CDATA[snow]]>
              </value>
            </param>
            <param index="2">
              <value>
                <![CDATA[j@gmail.com]]>
              </value>
            </param>
            <param index="3">
              <value>
                <![CDATA[123.0]]>
              </value>
            </param>
            <param index="4">
              <value>
                <![CDATA[123.0]]>
              </value>
            </param>
          </params>
          <reporter-output>
          </reporter-output>
        </test-method> <!-- registrationTest -->
        <test-method status="PASS" signature="tearDown()[pri:0, instance:com.qa.test.RegistrationPageTest@7dc36524]" name="tearDown" is-config="true" duration-ms="124" started-at="2019-03-29T15:34:53Z" finished-at="2019-03-29T15:34:53Z">
          <reporter-output>
          </reporter-output>
        </test-method> <!-- tearDown -->
        <test-method status="PASS" signature="setUp()[pri:0, instance:com.qa.test.RegistrationPageTest@7dc36524]" name="setUp" is-config="true" duration-ms="3973" started-at="2019-03-29T15:34:53Z" finished-at="2019-03-29T15:34:57Z">
          <reporter-output>
          </reporter-output>
        </test-method> <!-- setUp -->
        <test-method status="PASS" signature="registrationTest(java.lang.String, java.lang.String, java.lang.String, java.lang.String, java.lang.String)[pri:0, instance:com.qa.test.RegistrationPageTest@7dc36524]" name="registrationTest" duration-ms="715" started-at="2019-03-29T15:34:57Z" data-provider="getTestData" finished-at="2019-03-29T15:34:58Z">
          <params>
            <param index="0">
              <value>
                <![CDATA[sam]]>
              </value>
            </param>
            <param index="1">
              <value>
                <![CDATA[chau]]>
              </value>
            </param>
            <param index="2">
              <value>
                <![CDATA[s@gmail.com]]>
              </value>
            </param>
            <param index="3">
              <value>
                <![CDATA[456.0]]>
              </value>
            </param>
            <param index="4">
              <value>
                <![CDATA[456.0]]>
              </value>
            </param>
          </params>
          <reporter-output>
          </reporter-output>
        </test-method> <!-- registrationTest -->
        <test-method status="PASS" signature="tearDown()[pri:0, instance:com.qa.test.RegistrationPageTest@7dc36524]" name="tearDown" is-config="true" duration-ms="134" started-at="2019-03-29T15:34:58Z" finished-at="2019-03-29T15:34:58Z">
          <reporter-output>
          </reporter-output>
        </test-method> <!-- tearDown -->
        <test-method status="PASS" signature="setUp()[pri:0, instance:com.qa.test.RegistrationPageTest@7dc36524]" name="setUp" is-config="true" duration-ms="3810" started-at="2019-03-29T15:34:58Z" finished-at="2019-03-29T15:35:02Z">
          <reporter-output>
          </reporter-output>
        </test-method> <!-- setUp -->
        <test-method status="PASS" signature="registrationTest(java.lang.String, java.lang.String, java.lang.String, java.lang.String, java.lang.String)[pri:0, instance:com.qa.test.RegistrationPageTest@7dc36524]" name="registrationTest" duration-ms="889" started-at="2019-03-29T15:35:02Z" data-provider="getTestData" finished-at="2019-03-29T15:35:03Z">
          <params>
            <param index="0">
              <value>
                <![CDATA[mai]]>
              </value>
            </param>
            <param index="1">
              <value>
                <![CDATA[pat]]>
              </value>
            </param>
            <param index="2">
              <value>
                <![CDATA[m@gmail.com]]>
              </value>
            </param>
            <param index="3">
              <value>
                <![CDATA[789.0]]>
              </value>
            </param>
            <param index="4">
              <value>
                <![CDATA[789.0]]>
              </value>
            </param>
          </params>
          <reporter-output>
          </reporter-output>
        </test-method> <!-- registrationTest -->
        <test-method status="PASS" signature="tearDown()[pri:0, instance:com.qa.test.RegistrationPageTest@7dc36524]" name="tearDown" is-config="true" duration-ms="119" started-at="2019-03-29T15:35:03Z" finished-at="2019-03-29T15:35:03Z">
          <reporter-output>
          </reporter-output>
        </test-method> <!-- tearDown -->
        <test-method status="PASS" signature="setUp()[pri:0, instance:com.qa.test.RegistrationPageTest@7dc36524]" name="setUp" is-config="true" duration-ms="3759" started-at="2019-03-29T15:35:03Z" finished-at="2019-03-29T15:35:06Z">
          <reporter-output>
          </reporter-output>
        </test-method> <!-- setUp -->
        <test-method status="PASS" signature="registrationTest(java.lang.String, java.lang.String, java.lang.String, java.lang.String, java.lang.String)[pri:0, instance:com.qa.test.RegistrationPageTest@7dc36524]" name="registrationTest" duration-ms="1127" started-at="2019-03-29T15:35:06Z" data-provider="getTestData" finished-at="2019-03-29T15:35:08Z">
          <params>
            <param index="0">
              <value>
                <![CDATA[ria]]>
              </value>
            </param>
            <param index="1">
              <value>
                <![CDATA[pat]]>
              </value>
            </param>
            <param index="2">
              <value>
                <![CDATA[r@gmail.com]]>
              </value>
            </param>
            <param index="3">
              <value>
                <![CDATA[910.0]]>
              </value>
            </param>
            <param index="4">
              <value>
                <![CDATA[901.0]]>
              </value>
            </param>
          </params>
          <reporter-output>
          </reporter-output>
        </test-method> <!-- registrationTest -->
        <test-method status="PASS" signature="tearDown()[pri:0, instance:com.qa.test.RegistrationPageTest@7dc36524]" name="tearDown" is-config="true" duration-ms="123" started-at="2019-03-29T15:35:08Z" finished-at="2019-03-29T15:35:08Z">
          <reporter-output>
          </reporter-output>
        </test-method> <!-- tearDown -->
      </class> <!-- com.qa.test.RegistrationPageTest -->
    </test> <!-- Default test -->
  </suite> <!-- Default suite -->
</testng-results>
